  Validating sources
  Copying sources remotely to '192.168.2.4'
  Validating architecture
  Starting remote build
  Compiling sources:
  database.cpp
D:\Software\Carpark_pp\Debug\pgs\udp_server\database.cpp(59,9): warning : unused variable ‘status’ [-Wunused-variable]
D:\Software\Carpark_pp\Debug\pgs\udp_server\database.cpp(59,9): warning :   bool   status;
D:\Software\Carpark_pp\Debug\pgs\udp_server\database.cpp(59,9): warning :          ^~~~~~
D:\Software\Carpark_pp\Debug\pgs\udp_server\database.cpp(102,9): warning : unused variable ‘status’ [-Wunused-variable]
D:\Software\Carpark_pp\Debug\pgs\udp_server\database.cpp(102,9): warning :   bool   status;
D:\Software\Carpark_pp\Debug\pgs\udp_server\database.cpp(102,9): warning :          ^~~~~~
D:\Software\Carpark_pp\Debug\pgs\udp_server\database.cpp(195,7): warning : variable ‘nFields’ set but not used [-Wunused-but-set-variable]
D:\Software\Carpark_pp\Debug\pgs\udp_server\database.cpp(195,7): warning :   int  nFields;
D:\Software\Carpark_pp\Debug\pgs\udp_server\database.cpp(195,7): warning :        ^~~~~~~
D:\Software\Carpark_pp\Debug\pgs\udp_server\database.cpp(198,10): warning : unused variable ‘j’ [-Wunused-variable]
D:\Software\Carpark_pp\Debug\pgs\udp_server\database.cpp(198,10): warning :   int  i, j, k;
D:\Software\Carpark_pp\Debug\pgs\udp_server\database.cpp(198,10): warning :           ^
  database_api.cpp
D:\Software\Carpark_pp\Debug\pgs\udp_server\database_api.cpp(25,19): warning : conversion to ‘int’ from ‘size_t {aka long unsigned int}’ may alter its value [-Wconversion]
D:\Software\Carpark_pp\Debug\pgs\udp_server\database_api.cpp(25,19): warning :    int len = strlen(rec_data);
D:\Software\Carpark_pp\Debug\pgs\udp_server\database_api.cpp(25,19): warning :              ~~~~~~^~~~~~~~~~
D:\Software\Carpark_pp\Debug\pgs\udp_server\database_api.cpp(53,20): warning : comparison between signed and unsigned integer expressions [-Wsign-compare]
D:\Software\Carpark_pp\Debug\pgs\udp_server\database_api.cpp(53,20): warning :   for (int k = 0; k < datatable_template.size(); k++) {
D:\Software\Carpark_pp\Debug\pgs\udp_server\database_api.cpp(53,20): warning :                   ~~^~~~~~~~~~~~~~~~~~~~~~~~~~~
D:\Software\Carpark_pp\Debug\pgs\udp_server\database_api.cpp(55,22): warning : comparison between signed and unsigned integer expressions [-Wsign-compare]
D:\Software\Carpark_pp\Debug\pgs\udp_server\database_api.cpp(55,22): warning :     for (int p = 0; p < datatable_template[k].fields.size(); p++) {
D:\Software\Carpark_pp\Debug\pgs\udp_server\database_api.cpp(55,22): warning :                     ~~^~~~~~~~~~~~~~~~~~~~~~~~~~~~~~~~~~~~~
D:\Software\Carpark_pp\Debug\pgs\udp_server\database_api.cpp(58,44): warning : conversion to ‘int’ from ‘std::vector<field_data_rec>::size_type {aka long unsigned int}’ may alter its value [-Wconversion]
D:\Software\Carpark_pp\Debug\pgs\udp_server\database_api.cpp(58,44): warning :     return datatable_template[k].fields.size();
D:\Software\Carpark_pp\Debug\pgs\udp_server\database_api.cpp(58,44): warning :            ~~~~~~~~~~~~~~~~~~~~~~~~~~~~~~~~~^~
D:\Software\Carpark_pp\Debug\pgs\udp_server\database_api.cpp(89,16): warning : comparison between signed and unsigned integer expressions [-Wsign-compare]
D:\Software\Carpark_pp\Debug\pgs\udp_server\database_api.cpp(89,16): warning :   for (k = 0; k < datatable_record_data->fields.size() - 1; k++) { // already skip id (k=0)
D:\Software\Carpark_pp\Debug\pgs\udp_server\database_api.cpp(89,16): warning :               ~~^~~~~~~~~~~~~~~~~~~~~~~~~~~~~~~~~~~~~~~~~~
D:\Software\Carpark_pp\Debug\pgs\udp_server\database_api.cpp(97,18): warning : comparison between signed and unsigned integer expressions [-Wsign-compare]
D:\Software\Carpark_pp\Debug\pgs\udp_server\database_api.cpp(97,18): warning :     for (q = 1; q < datatable_record_data->fields[k].value.size() - 1; q++) {
D:\Software\Carpark_pp\Debug\pgs\udp_server\database_api.cpp(97,18): warning :                 ~~^~~~~~~~~~~~~~~~~~~~~~~~~~~~~~~~~~~~~~~~~~~~~~~~~~~
D:\Software\Carpark_pp\Debug\pgs\udp_server\database_api.cpp(71,7): warning : unused variable ‘log_msg’ [-Wunused-variable]
D:\Software\Carpark_pp\Debug\pgs\udp_server\database_api.cpp(71,7): warning :   char log_msg[4096];
D:\Software\Carpark_pp\Debug\pgs\udp_server\database_api.cpp(71,7): warning :        ^~~~~~~
D:\Software\Carpark_pp\Debug\pgs\udp_server\database_api.cpp(128,16): warning : comparison between signed and unsigned integer expressions [-Wsign-compare]
D:\Software\Carpark_pp\Debug\pgs\udp_server\database_api.cpp(128,16): warning :   for (k = 0; k < datatable_record_data->fields.size() - 1; k++) {
D:\Software\Carpark_pp\Debug\pgs\udp_server\database_api.cpp(128,16): warning :               ~~^~~~~~~~~~~~~~~~~~~~~~~~~~~~~~~~~~~~~~~~~~
D:\Software\Carpark_pp\Debug\pgs\udp_server\database_api.cpp(178,17): warning : comparison between signed and unsigned integer expressions [-Wsign-compare]
D:\Software\Carpark_pp\Debug\pgs\udp_server\database_api.cpp(178,17): warning :    for (k = 0; k < datatable_record_data->fields.size() - 1; k++) {
D:\Software\Carpark_pp\Debug\pgs\udp_server\database_api.cpp(178,17): warning :                ~~^~~~~~~~~~~~~~~~~~~~~~~~~~~~~~~~~~~~~~~~~~
D:\Software\Carpark_pp\Debug\pgs\udp_server\database_api.cpp(191,19): warning : conversion to ‘int’ from ‘size_t {aka long unsigned int}’ may alter its value [-Wconversion]
D:\Software\Carpark_pp\Debug\pgs\udp_server\database_api.cpp(191,19): warning :    int len = strlen(raw + i * MAX_DATA_LEN);
D:\Software\Carpark_pp\Debug\pgs\udp_server\database_api.cpp(191,19): warning :              ~~~~~~^~~~~~~~~~~~~~~~~~~~~~~~
D:\Software\Carpark_pp\Debug\pgs\udp_server\database_api.cpp(208,22): warning : conversion to ‘int’ from ‘size_t {aka long unsigned int}’ may alter its value [-Wconversion]
D:\Software\Carpark_pp\Debug\pgs\udp_server\database_api.cpp(208,22): warning :      int len2 = strlen(valstr);
D:\Software\Carpark_pp\Debug\pgs\udp_server\database_api.cpp(208,22): warning :                 ~~~~~~^~~~~~~~
  database_utils.cpp
D:\Software\Carpark_pp\Debug\pgs\udp_server\database_utils.cpp(35,124): warning : ISO C++ forbids converting a string constant to ‘char*’ [-Wwrite-strings]
D:\Software\Carpark_pp\Debug\pgs\udp_server\database_utils.cpp(35,124): warning :   int ret = database_record_qry(postgresDB, "pgs.data_pgs", QUERY_MODE_ALL, "", "", &datatable_record_data, &out_record_vecs);
D:\Software\Carpark_pp\Debug\pgs\udp_server\database_utils.cpp(35,124): warning :                                                                                                                             ^
D:\Software\Carpark_pp\Debug\pgs\udp_server\database_utils.cpp(35,124): warning : ISO C++ forbids converting a string constant to ‘char*’ [-Wwrite-strings]
D:\Software\Carpark_pp\Debug\pgs\udp_server\database_utils.cpp(35,124): warning : ISO C++ forbids converting a string constant to ‘char*’ [-Wwrite-strings]
D:\Software\Carpark_pp\Debug\pgs\udp_server\database_utils.cpp(36,20): warning : comparison between signed and unsigned integer expressions [-Wsign-compare]
D:\Software\Carpark_pp\Debug\pgs\udp_server\database_utils.cpp(36,20): warning :   for (int i = 0; i < out_record_vecs.size(); i++) {
D:\Software\Carpark_pp\Debug\pgs\udp_server\database_utils.cpp(36,20): warning :                   ~~^~~~~~~~~~~~~~~~~~~~~~~~
D:\Software\Carpark_pp\Debug\pgs\udp_server\database_utils.cpp(35,6): warning : unused variable ‘ret’ [-Wunused-variable]
D:\Software\Carpark_pp\Debug\pgs\udp_server\database_utils.cpp(35,6): warning :   int ret = database_record_qry(postgresDB, "pgs.data_pgs", QUERY_MODE_ALL, "", "", &datatable_record_data, &out_record_vecs);
D:\Software\Carpark_pp\Debug\pgs\udp_server\database_utils.cpp(35,6): warning :       ^~~
D:\Software\Carpark_pp\Debug\pgs\udp_server\database_utils.cpp(65,124): warning : ISO C++ forbids converting a string constant to ‘char*’ [-Wwrite-strings]
D:\Software\Carpark_pp\Debug\pgs\udp_server\database_utils.cpp(65,124): warning :   int ret = database_record_qry(postgresDB, "pgs.data_pgs", QUERY_MODE_ALL, "", "", &datatable_record_data, &out_record_vecs);
D:\Software\Carpark_pp\Debug\pgs\udp_server\database_utils.cpp(65,124): warning :                                                                                                                             ^
D:\Software\Carpark_pp\Debug\pgs\udp_server\database_utils.cpp(65,124): warning : ISO C++ forbids converting a string constant to ‘char*’ [-Wwrite-strings]
D:\Software\Carpark_pp\Debug\pgs\udp_server\database_utils.cpp(65,124): warning : ISO C++ forbids converting a string constant to ‘char*’ [-Wwrite-strings]
D:\Software\Carpark_pp\Debug\pgs\udp_server\database_utils.cpp(67,20): warning : comparison between signed and unsigned integer expressions [-Wsign-compare]
D:\Software\Carpark_pp\Debug\pgs\udp_server\database_utils.cpp(67,20): warning :   for (int i = 0; i < out_record_vecs.size(); i++) {
D:\Software\Carpark_pp\Debug\pgs\udp_server\database_utils.cpp(67,20): warning :                   ~~^~~~~~~~~~~~~~~~~~~~~~~~
D:\Software\Carpark_pp\Debug\pgs\udp_server\database_utils.cpp(83,83): warning : ISO C++ forbids converting a string constant to ‘char*’ [-Wwrite-strings]
D:\Software\Carpark_pp\Debug\pgs\udp_server\database_utils.cpp(83,83): warning :    int ret = database_record_add(postgresDB, "pgs.data_pgs", &datatable_record_data);
D:\Software\Carpark_pp\Debug\pgs\udp_server\database_utils.cpp(83,83): warning :                                                                                    ^
D:\Software\Carpark_pp\Debug\pgs\udp_server\database_utils.cpp(83,7): warning : unused variable ‘ret’ [-Wunused-variable]
D:\Software\Carpark_pp\Debug\pgs\udp_server\database_utils.cpp(83,7): warning :    int ret = database_record_add(postgresDB, "pgs.data_pgs", &datatable_record_data);
D:\Software\Carpark_pp\Debug\pgs\udp_server\database_utils.cpp(83,7): warning :        ^~~
D:\Software\Carpark_pp\Debug\pgs\udp_server\database_utils.cpp(65,6): warning : unused variable ‘ret’ [-Wunused-variable]
D:\Software\Carpark_pp\Debug\pgs\udp_server\database_utils.cpp(65,6): warning :   int ret = database_record_qry(postgresDB, "pgs.data_pgs", QUERY_MODE_ALL, "", "", &datatable_record_data, &out_record_vecs);
D:\Software\Carpark_pp\Debug\pgs\udp_server\database_utils.cpp(65,6): warning :       ^~~
D:\Software\Carpark_pp\Debug\pgs\udp_server\database_utils.cpp(112,136): warning : ISO C++ forbids converting a string constant to ‘char*’ [-Wwrite-strings]
D:\Software\Carpark_pp\Debug\pgs\udp_server\database_utils.cpp(112,136): warning :   int ret = database_record_qry(postgresDB, "pgs.data_pgs", QUERY_MODE_LATEST, "lot_id", lotid, &datatable_record_data, &out_record_vecs);
D:\Software\Carpark_pp\Debug\pgs\udp_server\database_utils.cpp(112,136): warning :                                                                                                                                         ^
D:\Software\Carpark_pp\Debug\pgs\udp_server\database_utils.cpp(112,136): warning : ISO C++ forbids converting a string constant to ‘char*’ [-Wwrite-strings]
D:\Software\Carpark_pp\Debug\pgs\udp_server\database_utils.cpp(137,95): warning : ISO C++ forbids converting a string constant to ‘char*’ [-Wwrite-strings]
D:\Software\Carpark_pp\Debug\pgs\udp_server\database_utils.cpp(137,95): warning :   ret = database_record_upd(postgresDB, "pgs.data_pgs", "lot_id", lotid, &datatable_record_data);
D:\Software\Carpark_pp\Debug\pgs\udp_server\database_utils.cpp(137,95): warning :                                                                                                ^
D:\Software\Carpark_pp\Debug\pgs\udp_server\database_utils.cpp(137,95): warning : ISO C++ forbids converting a string constant to ‘char*’ [-Wwrite-strings]
D:\Software\Carpark_pp\Debug\pgs\udp_server\database_utils.cpp(180,88): warning : ISO C++ forbids converting a string constant to ‘char*’ [-Wwrite-strings]
D:\Software\Carpark_pp\Debug\pgs\udp_server\database_utils.cpp(180,88): warning :     ret = database_record_add(postgresDB, "pgs.log_pgs_movement", &datatable_record_data);
D:\Software\Carpark_pp\Debug\pgs\udp_server\database_utils.cpp(180,88): warning :                                                                                         ^
D:\Software\Carpark_pp\Debug\pgs\udp_server\database_utils.cpp(186,56): warning : ISO C++ forbids converting a string constant to ‘char*’ [-Wwrite-strings]
D:\Software\Carpark_pp\Debug\pgs\udp_server\database_utils.cpp(186,56): warning :   bool disable_led = check_file_exist("/tmp/disable_led");
D:\Software\Carpark_pp\Debug\pgs\udp_server\database_utils.cpp(186,56): warning :                                                         ^
D:\Software\Carpark_pp\Debug\pgs\udp_server\database_utils.cpp(208,92): warning : ISO C++ forbids converting a string constant to ‘char*’ [-Wwrite-strings]
D:\Software\Carpark_pp\Debug\pgs\udp_server\database_utils.cpp(208,92): warning :        ret = database_record_add(postgresDB, "pgs.log_pgs_occupancy", &datatable_record_data);
D:\Software\Carpark_pp\Debug\pgs\udp_server\database_utils.cpp(208,92): warning :                                                                                             ^
D:\Software\Carpark_pp\Debug\pgs\udp_server\database_utils.cpp(231,28): warning : conversion to ‘int’ from ‘size_t {aka long unsigned int}’ may alter its value [-Wconversion]
D:\Software\Carpark_pp\Debug\pgs\udp_server\database_utils.cpp(231,28): warning :   zmq_q.udp_cmd_len = strlen(zmq_str);
D:\Software\Carpark_pp\Debug\pgs\udp_server\database_utils.cpp(231,28): warning :                       ~~~~~~^~~~~~~~~
D:\Software\Carpark_pp\Debug\pgs\udp_server\database_utils.cpp(259,140): warning : ISO C++ forbids converting a string constant to ‘char*’ [-Wwrite-strings]
D:\Software\Carpark_pp\Debug\pgs\udp_server\database_utils.cpp(259,140): warning :   int ret = database_record_qry(postgresDB, "pgs.data_lpr", QUERY_MODE_LATEST, "lot_id", stationid, &datatable_record_data, &out_record_vecs);
D:\Software\Carpark_pp\Debug\pgs\udp_server\database_utils.cpp(259,140): warning :                                                                                                                                             ^
D:\Software\Carpark_pp\Debug\pgs\udp_server\database_utils.cpp(259,140): warning : ISO C++ forbids converting a string constant to ‘char*’ [-Wwrite-strings]
D:\Software\Carpark_pp\Debug\pgs\udp_server\database_utils.cpp(268,99): warning : ISO C++ forbids converting a string constant to ‘char*’ [-Wwrite-strings]
D:\Software\Carpark_pp\Debug\pgs\udp_server\database_utils.cpp(268,99): warning :   ret = database_record_upd(postgresDB, "pgs.data_lpr", "lot_id", stationid, &datatable_record_data);
D:\Software\Carpark_pp\Debug\pgs\udp_server\database_utils.cpp(268,99): warning :                                                                                                    ^
D:\Software\Carpark_pp\Debug\pgs\udp_server\database_utils.cpp(268,99): warning : ISO C++ forbids converting a string constant to ‘char*’ [-Wwrite-strings]
D:\Software\Carpark_pp\Debug\pgs\udp_server\database_utils.cpp(284,87): warning : ISO C++ forbids converting a string constant to ‘char*’ [-Wwrite-strings]
D:\Software\Carpark_pp\Debug\pgs\udp_server\database_utils.cpp(284,87): warning :    ret = database_record_add(postgresDB, "pgs.log_lpr_movement", &datatable_record_data);
D:\Software\Carpark_pp\Debug\pgs\udp_server\database_utils.cpp(284,87): warning :                                                                                        ^
D:\Software\Carpark_pp\Debug\pgs\udp_server\database_utils.cpp(294,28): warning : conversion to ‘int’ from ‘size_t {aka long unsigned int}’ may alter its value [-Wconversion]
D:\Software\Carpark_pp\Debug\pgs\udp_server\database_utils.cpp(294,28): warning :   zmq_q.udp_cmd_len = strlen(zmq_str);
D:\Software\Carpark_pp\Debug\pgs\udp_server\database_utils.cpp(294,28): warning :                       ~~~~~~^~~~~~~~~
D:\Software\Carpark_pp\Debug\pgs\udp_server\database_utils.cpp(313,124): warning : ISO C++ forbids converting a string constant to ‘char*’ [-Wwrite-strings]
D:\Software\Carpark_pp\Debug\pgs\udp_server\database_utils.cpp(313,124): warning :   int ret = database_record_qry(postgresDB, "pgs.data_enf", QUERY_MODE_ALL, "", "", &datatable_record_data, &out_record_vecs);
D:\Software\Carpark_pp\Debug\pgs\udp_server\database_utils.cpp(313,124): warning :                                                                                                                             ^
D:\Software\Carpark_pp\Debug\pgs\udp_server\database_utils.cpp(313,124): warning : ISO C++ forbids converting a string constant to ‘char*’ [-Wwrite-strings]
D:\Software\Carpark_pp\Debug\pgs\udp_server\database_utils.cpp(313,124): warning : ISO C++ forbids converting a string constant to ‘char*’ [-Wwrite-strings]
D:\Software\Carpark_pp\Debug\pgs\udp_server\database_utils.cpp(327,78): warning : ISO C++ forbids converting a string constant to ‘char*’ [-Wwrite-strings]
D:\Software\Carpark_pp\Debug\pgs\udp_server\database_utils.cpp(327,78): warning :   ret = database_record_add(postgresDB, "pgs.data_enf", &datatable_record_data);
D:\Software\Carpark_pp\Debug\pgs\udp_server\database_utils.cpp(327,78): warning :                                                                               ^
D:\Software\Carpark_pp\Debug\pgs\udp_server\database_utils.cpp(328,85): warning : ISO C++ forbids converting a string constant to ‘char*’ [-Wwrite-strings]
D:\Software\Carpark_pp\Debug\pgs\udp_server\database_utils.cpp(328,85): warning :   ret = database_record_add(postgresDB, "pgs.log_enforcement", &datatable_record_data);
D:\Software\Carpark_pp\Debug\pgs\udp_server\database_utils.cpp(328,85): warning :                                                                                      ^
D:\Software\Carpark_pp\Debug\pgs\udp_server\database_utils.cpp(337,28): warning : conversion to ‘int’ from ‘size_t {aka long unsigned int}’ may alter its value [-Wconversion]
D:\Software\Carpark_pp\Debug\pgs\udp_server\database_utils.cpp(337,28): warning :   zmq_q.udp_cmd_len = strlen(zmq_str);
D:\Software\Carpark_pp\Debug\pgs\udp_server\database_utils.cpp(337,28): warning :                       ~~~~~~^~~~~~~~~
D:\Software\Carpark_pp\Debug\pgs\udp_server\database_utils.cpp(313,6): warning : variable ‘ret’ set but not used [-Wunused-but-set-variable]
D:\Software\Carpark_pp\Debug\pgs\udp_server\database_utils.cpp(313,6): warning :   int ret = database_record_qry(postgresDB, "pgs.data_enf", QUERY_MODE_ALL, "", "", &datatable_record_data, &out_record_vecs);
D:\Software\Carpark_pp\Debug\pgs\udp_server\database_utils.cpp(313,6): warning :       ^~~
D:\Software\Carpark_pp\Debug\pgs\udp_server\database_utils.cpp(348,18): warning : conversion to ‘int’ from ‘size_t {aka long unsigned int}’ may alter its value [-Wconversion]
D:\Software\Carpark_pp\Debug\pgs\udp_server\database_utils.cpp(348,18): warning :   int len = strlen(inpstr);
D:\Software\Carpark_pp\Debug\pgs\udp_server\database_utils.cpp(348,18): warning :             ~~~~~~^~~~~~~~
D:\Software\Carpark_pp\Debug\pgs\udp_server\database_utils.cpp(375,87): warning : ISO C++ forbids converting a string constant to ‘char*’ [-Wwrite-strings]
D:\Software\Carpark_pp\Debug\pgs\udp_server\database_utils.cpp(375,87): warning :   int rec_no = QueryDatabase(postgresDB, "pgs.data_pgs", query_str, QUERY_MODE_ALL, raw);
D:\Software\Carpark_pp\Debug\pgs\udp_server\database_utils.cpp(375,87): warning :                                                                                        ^
  init.cpp
D:\Software\Carpark_pp\Debug\pgs\udp_server\init.cpp(12,47): warning : ISO C++ forbids converting a string constant to ‘char*’ [-Wwrite-strings]
D:\Software\Carpark_pp\Debug\pgs\udp_server\init.cpp(12,47): warning :   postgresDB_master = init_database("127.0.0.1");
D:\Software\Carpark_pp\Debug\pgs\udp_server\init.cpp(12,47): warning :                                                ^
D:\Software\Carpark_pp\Debug\pgs\udp_server\init.cpp(13,55): warning : ISO C++ forbids converting a string constant to ‘char*’ [-Wwrite-strings]
D:\Software\Carpark_pp\Debug\pgs\udp_server\init.cpp(13,55): warning :   database_read_fieldname(postgresDB_master, "data_pgs");
D:\Software\Carpark_pp\Debug\pgs\udp_server\init.cpp(13,55): warning :                                                        ^
D:\Software\Carpark_pp\Debug\pgs\udp_server\init.cpp(14,55): warning : ISO C++ forbids converting a string constant to ‘char*’ [-Wwrite-strings]
D:\Software\Carpark_pp\Debug\pgs\udp_server\init.cpp(14,55): warning :   database_read_fieldname(postgresDB_master, "data_lpr");
D:\Software\Carpark_pp\Debug\pgs\udp_server\init.cpp(14,55): warning :                                                        ^
D:\Software\Carpark_pp\Debug\pgs\udp_server\init.cpp(15,55): warning : ISO C++ forbids converting a string constant to ‘char*’ [-Wwrite-strings]
D:\Software\Carpark_pp\Debug\pgs\udp_server\init.cpp(15,55): warning :   database_read_fieldname(postgresDB_master, "data_enf");
D:\Software\Carpark_pp\Debug\pgs\udp_server\init.cpp(15,55): warning :                                                        ^
D:\Software\Carpark_pp\Debug\pgs\udp_server\init.cpp(16,62): warning : ISO C++ forbids converting a string constant to ‘char*’ [-Wwrite-strings]
D:\Software\Carpark_pp\Debug\pgs\udp_server\init.cpp(16,62): warning :   database_read_fieldname(postgresDB_master, "log_enforcement");
D:\Software\Carpark_pp\Debug\pgs\udp_server\init.cpp(16,62): warning :                                                               ^
D:\Software\Carpark_pp\Debug\pgs\udp_server\init.cpp(17,63): warning : ISO C++ forbids converting a string constant to ‘char*’ [-Wwrite-strings]
D:\Software\Carpark_pp\Debug\pgs\udp_server\init.cpp(17,63): warning :   database_read_fieldname(postgresDB_master, "log_lpr_movement");
D:\Software\Carpark_pp\Debug\pgs\udp_server\init.cpp(17,63): warning :                                                                ^
D:\Software\Carpark_pp\Debug\pgs\udp_server\init.cpp(18,63): warning : ISO C++ forbids converting a string constant to ‘char*’ [-Wwrite-strings]
D:\Software\Carpark_pp\Debug\pgs\udp_server\init.cpp(18,63): warning :   database_read_fieldname(postgresDB_master, "log_pgs_movement");
D:\Software\Carpark_pp\Debug\pgs\udp_server\init.cpp(18,63): warning :                                                                ^
D:\Software\Carpark_pp\Debug\pgs\udp_server\init.cpp(19,64): warning : ISO C++ forbids converting a string constant to ‘char*’ [-Wwrite-strings]
D:\Software\Carpark_pp\Debug\pgs\udp_server\init.cpp(19,64): warning :   database_read_fieldname(postgresDB_master, "log_pgs_occupancy");
D:\Software\Carpark_pp\Debug\pgs\udp_server\init.cpp(19,64): warning :                                                                 ^
D:\Software\Carpark_pp\Debug\pgs\udp_server\init.cpp(22,49): warning : ISO C++ forbids converting a string constant to ‘char*’ [-Wwrite-strings]
D:\Software\Carpark_pp\Debug\pgs\udp_server\init.cpp(22,49): warning :    postgresDB_task[i] = init_database("127.0.0.1");
D:\Software\Carpark_pp\Debug\pgs\udp_server\init.cpp(22,49): warning :                                                  ^
D:\Software\Carpark_pp\Debug\pgs\udp_server\init.cpp(28,7): warning : unused variable ‘n’ [-Wunused-variable]
D:\Software\Carpark_pp\Debug\pgs\udp_server\init.cpp(28,7): warning :   int  n;
D:\Software\Carpark_pp\Debug\pgs\udp_server\init.cpp(28,7): warning :        ^
D:\Software\Carpark_pp\Debug\pgs\udp_server\init.cpp(50,7): warning : unused variable ‘n’ [-Wunused-variable]
D:\Software\Carpark_pp\Debug\pgs\udp_server\init.cpp(50,7): warning :   int  n;
D:\Software\Carpark_pp\Debug\pgs\udp_server\init.cpp(50,7): warning :        ^
  led.cpp
D:\Software\Carpark_pp\Debug\pgs\udp_server\led.cpp(8,32): warning : conversion to ‘unsigned char’ from ‘int’ may alter its value [-Wconversion]
D:\Software\Carpark_pp\Debug\pgs\udp_server\led.cpp(8,32): warning :   unsigned char cid = led_index + 1;
D:\Software\Carpark_pp\Debug\pgs\udp_server\led.cpp(8,32): warning :                       ~~~~~~~~~~^~~
D:\Software\Carpark_pp\Debug\pgs\udp_server\led.cpp(29,17): warning : conversion to ‘int’ from ‘size_t {aka long unsigned int}’ may alter its value [-Wconversion]
D:\Software\Carpark_pp\Debug\pgs\udp_server\led.cpp(29,17): warning :   img_len = fread(imgdata, 1, 4096, fp);
D:\Software\Carpark_pp\Debug\pgs\udp_server\led.cpp(29,17): warning :             ~~~~~^~~~~~~~~~~~~~~~~~~~~~
D:\Software\Carpark_pp\Debug\pgs\udp_server\led.cpp(41,19): warning : conversion to ‘unsigned char’ from ‘int’ may alter its value [-Wconversion]
D:\Software\Carpark_pp\Debug\pgs\udp_server\led.cpp(41,19): warning :   LED_msg[idx++] = network_data_len; // len (from packet type)
D:\Software\Carpark_pp\Debug\pgs\udp_server\led.cpp(41,19): warning :                    ^~~~~~~~~~~~~~~~
D:\Software\Carpark_pp\Debug\pgs\udp_server\led.cpp(50,19): warning : conversion to ‘unsigned char’ from ‘int’ may alter its value [-Wconversion]
D:\Software\Carpark_pp\Debug\pgs\udp_server\led.cpp(50,19): warning :   LED_msg[idx++] = packet_data_len; // packet data len
D:\Software\Carpark_pp\Debug\pgs\udp_server\led.cpp(50,19): warning :                    ^~~~~~~~~~~~~~~
D:\Software\Carpark_pp\Debug\pgs\udp_server\led.cpp(57,29): warning : conversion to ‘unsigned char’ from ‘unsigned int’ may alter its value [-Wconversion]
D:\Software\Carpark_pp\Debug\pgs\udp_server\led.cpp(57,29): warning :   LED_msg[idx++] = ichecksum >> 8;
D:\Software\Carpark_pp\Debug\pgs\udp_server\led.cpp(57,29): warning :                    ~~~~~~~~~~^~~~
D:\Software\Carpark_pp\Debug\pgs\udp_server\led.cpp(68,7): warning : unused variable ‘log_msg’ [-Wunused-variable]
D:\Software\Carpark_pp\Debug\pgs\udp_server\led.cpp(68,7): warning :   char log_msg[4096];
D:\Software\Carpark_pp\Debug\pgs\udp_server\led.cpp(68,7): warning :        ^~~~~~~
D:\Software\Carpark_pp\Debug\pgs\udp_server\led.cpp(75,6): warning : unused variable ‘n’ [-Wunused-variable]
D:\Software\Carpark_pp\Debug\pgs\udp_server\led.cpp(75,6): warning :   int n = tcp_read(led_sockfd[led_index], buf);
D:\Software\Carpark_pp\Debug\pgs\udp_server\led.cpp(75,6): warning :       ^
D:\Software\Carpark_pp\Debug\pgs\udp_server\led.cpp(108,32): warning : conversion to ‘unsigned char’ from ‘int’ may alter its value [-Wconversion]
D:\Software\Carpark_pp\Debug\pgs\udp_server\led.cpp(108,32): warning :   unsigned char cid = led_index + 1;
D:\Software\Carpark_pp\Debug\pgs\udp_server\led.cpp(108,32): warning :                       ~~~~~~~~~~^~~
D:\Software\Carpark_pp\Debug\pgs\udp_server\led.cpp(128,20): warning : comparison between signed and unsigned integer expressions [-Wsign-compare]
D:\Software\Carpark_pp\Debug\pgs\udp_server\led.cpp(128,20): warning :   for (int i = 0; i < strlen(msg); i++) packet_data[p++] = msg[i];
D:\Software\Carpark_pp\Debug\pgs\udp_server\led.cpp(128,20): warning :                   ~~^~~~~~~~~~~~~
D:\Software\Carpark_pp\Debug\pgs\udp_server\led.cpp(140,19): warning : conversion to ‘unsigned char’ from ‘int’ may alter its value [-Wconversion]
D:\Software\Carpark_pp\Debug\pgs\udp_server\led.cpp(140,19): warning :   LED_msg[idx++] = network_data_len; // len (from packet type)
D:\Software\Carpark_pp\Debug\pgs\udp_server\led.cpp(140,19): warning :                    ^~~~~~~~~~~~~~~~
D:\Software\Carpark_pp\Debug\pgs\udp_server\led.cpp(149,19): warning : conversion to ‘unsigned char’ from ‘int’ may alter its value [-Wconversion]
D:\Software\Carpark_pp\Debug\pgs\udp_server\led.cpp(149,19): warning :   LED_msg[idx++] = packet_data_len; //length(Lbyte)
D:\Software\Carpark_pp\Debug\pgs\udp_server\led.cpp(149,19): warning :                    ^~~~~~~~~~~~~~~
D:\Software\Carpark_pp\Debug\pgs\udp_server\led.cpp(156,29): warning : conversion to ‘unsigned char’ from ‘unsigned int’ may alter its value [-Wconversion]
D:\Software\Carpark_pp\Debug\pgs\udp_server\led.cpp(156,29): warning :   LED_msg[idx++] = ichecksum >> 8;
D:\Software\Carpark_pp\Debug\pgs\udp_server\led.cpp(156,29): warning :                    ~~~~~~~~~~^~~~
D:\Software\Carpark_pp\Debug\pgs\udp_server\led.cpp(168,32): warning : conversion to ‘unsigned char’ from ‘int’ may alter its value [-Wconversion]
D:\Software\Carpark_pp\Debug\pgs\udp_server\led.cpp(168,32): warning :   unsigned char cid = led_index + 1;
D:\Software\Carpark_pp\Debug\pgs\udp_server\led.cpp(168,32): warning :                       ~~~~~~~~~~^~~
D:\Software\Carpark_pp\Debug\pgs\udp_server\led.cpp(200,36): warning : conversion to ‘unsigned char’ from ‘int’ may alter its value [-Wconversion]
D:\Software\Carpark_pp\Debug\pgs\udp_server\led.cpp(200,36): warning :   LED_msg[idx++] = network_data_len % 256; // len (from packet type)
D:\Software\Carpark_pp\Debug\pgs\udp_server\led.cpp(200,36): warning :                    ~~~~~~~~~~~~~~~~~^~~~~
D:\Software\Carpark_pp\Debug\pgs\udp_server\led.cpp(201,36): warning : conversion to ‘unsigned char’ from ‘int’ may alter its value [-Wconversion]
D:\Software\Carpark_pp\Debug\pgs\udp_server\led.cpp(201,36): warning :   LED_msg[idx++] = network_data_len / 256; // len
D:\Software\Carpark_pp\Debug\pgs\udp_server\led.cpp(201,36): warning :                    ~~~~~~~~~~~~~~~~~^~~~~
D:\Software\Carpark_pp\Debug\pgs\udp_server\led.cpp(209,35): warning : conversion to ‘unsigned char’ from ‘int’ may alter its value [-Wconversion]
D:\Software\Carpark_pp\Debug\pgs\udp_server\led.cpp(209,35): warning :   LED_msg[idx++] = packet_data_len % 256; //length(Lbyte)
D:\Software\Carpark_pp\Debug\pgs\udp_server\led.cpp(209,35): warning :                    ~~~~~~~~~~~~~~~~^~~~~
D:\Software\Carpark_pp\Debug\pgs\udp_server\led.cpp(210,35): warning : conversion to ‘unsigned char’ from ‘int’ may alter its value [-Wconversion]
D:\Software\Carpark_pp\Debug\pgs\udp_server\led.cpp(210,35): warning :   LED_msg[idx++] = packet_data_len / 256; //length(Hbyte)
D:\Software\Carpark_pp\Debug\pgs\udp_server\led.cpp(210,35): warning :                    ~~~~~~~~~~~~~~~~^~~~~
D:\Software\Carpark_pp\Debug\pgs\udp_server\led.cpp(216,29): warning : conversion to ‘unsigned char’ from ‘unsigned int’ may alter its value [-Wconversion]
D:\Software\Carpark_pp\Debug\pgs\udp_server\led.cpp(216,29): warning :   LED_msg[idx++] = ichecksum >> 8;
D:\Software\Carpark_pp\Debug\pgs\udp_server\led.cpp(216,29): warning :                    ~~~~~~~~~~^~~~
  log.cpp
  main.cpp
D:\Software\Carpark_pp\Debug\pgs\udp_server\main.cpp(65,66): warning : ISO C++ forbids converting a string constant to ‘char*’ [-Wwrite-strings]
D:\Software\Carpark_pp\Debug\pgs\udp_server\main.cpp(65,66): warning :     bool display_flag = check_file_exist("/tmp/enable_udp_display");
D:\Software\Carpark_pp\Debug\pgs\udp_server\main.cpp(65,66): warning :                                                                   ^
D:\Software\Carpark_pp\Debug\pgs\udp_server\main.cpp(72,30): warning : conversion to ‘int’ from ‘size_t {aka long unsigned int}’ may alter its value [-Wconversion]
D:\Software\Carpark_pp\Debug\pgs\udp_server\main.cpp(72,30): warning :     udp_q.udp_cmd_len = strlen(udpcmd);
D:\Software\Carpark_pp\Debug\pgs\udp_server\main.cpp(72,30): warning :                         ~~~~~~^~~~~~~~
D:\Software\Carpark_pp\Debug\pgs\udp_server\main.cpp(28,7): warning : unused variable ‘udpsen’ [-Wunused-variable]
D:\Software\Carpark_pp\Debug\pgs\udp_server\main.cpp(28,7): warning :   char udpsen[1024];
D:\Software\Carpark_pp\Debug\pgs\udp_server\main.cpp(28,7): warning :        ^~~~~~
  queue.cpp
D:\Software\Carpark_pp\Debug\pgs\udp_server\queue.cpp(32,29): warning : conversion to ‘int’ from ‘size_t {aka long unsigned int}’ may alter its value [-Wconversion]
D:\Software\Carpark_pp\Debug\pgs\udp_server\queue.cpp(32,29): warning :   qdata->udp_cmd_len = strlen(qdata->udp_cmd);
D:\Software\Carpark_pp\Debug\pgs\udp_server\queue.cpp(32,29): warning :                        ~~~~~~^~~~~~~~~~~~~~~~
  tcp.cpp
D:\Software\Carpark_pp\Debug\pgs\udp_server\tcp.cpp(17,40): warning : conversion to ‘uint16_t {aka short unsigned int}’ from ‘unsigned int’ may alter its value [-Wconversion]
D:\Software\Carpark_pp\Debug\pgs\udp_server\tcp.cpp(17,40): warning :   serv_addr.sin_port = htons(port_report);
D:\Software\Carpark_pp\Debug\pgs\udp_server\tcp.cpp(17,40): warning :                                         ^
D:\Software\Carpark_pp\Debug\pgs\udp_server\tcp.cpp(7,21): warning : unused variable ‘address’ [-Wunused-variable]
D:\Software\Carpark_pp\Debug\pgs\udp_server\tcp.cpp(7,21): warning :   struct sockaddr_in address;
D:\Software\Carpark_pp\Debug\pgs\udp_server\tcp.cpp(7,21): warning :                      ^~~~~~~
D:\Software\Carpark_pp\Debug\pgs\udp_server\tcp.cpp(10,7): warning : unused variable ‘buffer’ [-Wunused-variable]
D:\Software\Carpark_pp\Debug\pgs\udp_server\tcp.cpp(10,7): warning :   char buffer[1024] = { 0 };
D:\Software\Carpark_pp\Debug\pgs\udp_server\tcp.cpp(10,7): warning :        ^~~~~~
D:\Software\Carpark_pp\Debug\pgs\udp_server\tcp.cpp(28,6): warning : unused variable ‘flags’ [-Wunused-variable]
D:\Software\Carpark_pp\Debug\pgs\udp_server\tcp.cpp(28,6): warning :   int flags = fcntl(sockfd, F_GETFL, 0);
D:\Software\Carpark_pp\Debug\pgs\udp_server\tcp.cpp(28,6): warning :       ^~~~~
D:\Software\Carpark_pp\Debug\pgs\udp_server\tcp.cpp(50,10): warning : conversion to ‘int’ from ‘ssize_t {aka long int}’ may alter its value [-Wconversion]
D:\Software\Carpark_pp\Debug\pgs\udp_server\tcp.cpp(50,10): warning :   n = recv(sockfd, buffer, 4095, 0);
D:\Software\Carpark_pp\Debug\pgs\udp_server\tcp.cpp(50,10): warning :       ~~~~^~~~~~~~~~~~~~~~~~~~~~~~~
D:\Software\Carpark_pp\Debug\pgs\udp_server\tcp.cpp(41,9): warning : ‘lenword’ may be used uninitialized in this function [-Wmaybe-uninitialized]
D:\Software\Carpark_pp\Debug\pgs\udp_server\tcp.cpp(41,9): warning :   return lenword;
D:\Software\Carpark_pp\Debug\pgs\udp_server\tcp.cpp(41,9): warning :          ^~~~~~~
  threads.cpp
D:\Software\Carpark_pp\Debug\pgs\udp_server\threads.cpp(87,105): warning : ISO C++ forbids converting a string constant to ‘char*’ [-Wwrite-strings]
D:\Software\Carpark_pp\Debug\pgs\udp_server\threads.cpp(87,105): warning :       xfer_file(pgs_udp_data.StationIP, pgs_udp_data.CapturedImg, "/lpr_data/panel/pgs", img_fullfilename);
D:\Software\Carpark_pp\Debug\pgs\udp_server\threads.cpp(87,105): warning :                                                                                                          ^
D:\Software\Carpark_pp\Debug\pgs\udp_server\threads.cpp(107,110): warning : ISO C++ forbids converting a string constant to ‘char*’ [-Wwrite-strings]
D:\Software\Carpark_pp\Debug\pgs\udp_server\threads.cpp(107,110): warning :        xfer_file(lpr_udp_data.StationIP, lpr_udp_data.CapturedImg, "/lpr_data/panel/station", img_fullfilename);
D:\Software\Carpark_pp\Debug\pgs\udp_server\threads.cpp(107,110): warning :                                                                                                               ^
D:\Software\Carpark_pp\Debug\pgs\udp_server\threads.cpp(120,114): warning : ISO C++ forbids converting a string constant to ‘char*’ [-Wwrite-strings]
D:\Software\Carpark_pp\Debug\pgs\udp_server\threads.cpp(120,114): warning :        xfer_file(enf_udp_data.StationIP, enf_udp_data.CapturedImg, "/lpr_data/panel/enforcement", img_fullfilename);
D:\Software\Carpark_pp\Debug\pgs\udp_server\threads.cpp(120,114): warning :                                                                                                                   ^
D:\Software\Carpark_pp\Debug\pgs\udp_server\threads.cpp(214,39): warning : conversion to ‘int’ from ‘std::vector<udp_q_content_type>::size_type {aka long unsigned int}’ may alter its value [-Wconversion]
D:\Software\Carpark_pp\Debug\pgs\udp_server\threads.cpp(214,39): warning :       int n = panel_queue[panelID].size();
D:\Software\Carpark_pp\Debug\pgs\udp_server\threads.cpp(214,39): warning :               ~~~~~~~~~~~~~~~~~~~~~~~~~^~
  udp.cpp
D:\Software\Carpark_pp\Debug\pgs\udp_server\udp.cpp(20,39): warning : conversion to ‘uint16_t {aka short unsigned int}’ from ‘unsigned int’ may alter its value [-Wconversion]
D:\Software\Carpark_pp\Debug\pgs\udp_server\udp.cpp(20,39): warning :   servaddr.sin_port = htons(port_server);
D:\Software\Carpark_pp\Debug\pgs\udp_server\udp.cpp(20,39): warning :                                        ^
D:\Software\Carpark_pp\Debug\pgs\udp_server\udp.cpp(6,9): warning : unused variable ‘mesg’ [-Wunused-variable]
D:\Software\Carpark_pp\Debug\pgs\udp_server\udp.cpp(6,9): warning :   char   mesg[1000];
D:\Software\Carpark_pp\Debug\pgs\udp_server\udp.cpp(6,9): warning :          ^~~~
D:\Software\Carpark_pp\Debug\pgs\udp_server\udp.cpp(30,40): warning : conversion to ‘uint16_t {aka short unsigned int}’ from ‘unsigned int’ may alter its value [-Wconversion]
D:\Software\Carpark_pp\Debug\pgs\udp_server\udp.cpp(30,40): warning :   sockaddr->sin_port = htons(port_report);
D:\Software\Carpark_pp\Debug\pgs\udp_server\udp.cpp(30,40): warning :                                         ^
D:\Software\Carpark_pp\Debug\pgs\udp_server\udp.cpp(42,18): warning : conversion to ‘int’ from ‘ssize_t {aka long int}’ may alter its value [-Wconversion]
D:\Software\Carpark_pp\Debug\pgs\udp_server\udp.cpp(42,18): warning :   len_r = recvfrom(sockfd,
D:\Software\Carpark_pp\Debug\pgs\udp_server\udp.cpp(42,18): warning :           ~~~~~~~~^~~~~~~~~
D:\Software\Carpark_pp\Debug\pgs\udp_server\udp.cpp(42,18): warning :    buf,
D:\Software\Carpark_pp\Debug\pgs\udp_server\udp.cpp(42,18): warning :    ~~~~~
D:\Software\Carpark_pp\Debug\pgs\udp_server\udp.cpp(42,18): warning :    len,
D:\Software\Carpark_pp\Debug\pgs\udp_server\udp.cpp(42,18): warning :    ~~~~~
D:\Software\Carpark_pp\Debug\pgs\udp_server\udp.cpp(42,18): warning :    0,
D:\Software\Carpark_pp\Debug\pgs\udp_server\udp.cpp(42,18): warning :    ~~~
D:\Software\Carpark_pp\Debug\pgs\udp_server\udp.cpp(42,18): warning :    (sockaddr *)client,
D:\Software\Carpark_pp\Debug\pgs\udp_server\udp.cpp(42,18): warning :    ~~~~~~~~~~~~~~~~~~~~
D:\Software\Carpark_pp\Debug\pgs\udp_server\udp.cpp(42,18): warning :    &sockaddr_len);
D:\Software\Carpark_pp\Debug\pgs\udp_server\udp.cpp(42,18): warning :    ~~~~~~~~~~~~~~
D:\Software\Carpark_pp\Debug\pgs\udp_server\udp.cpp(57,18): warning : conversion to ‘int’ from ‘ssize_t {aka long int}’ may alter its value [-Wconversion]
D:\Software\Carpark_pp\Debug\pgs\udp_server\udp.cpp(57,18): warning :   lenword = sendto(sockfd,
D:\Software\Carpark_pp\Debug\pgs\udp_server\udp.cpp(57,18): warning :             ~~~~~~^~~~~~~~~
D:\Software\Carpark_pp\Debug\pgs\udp_server\udp.cpp(57,18): warning :    p,
D:\Software\Carpark_pp\Debug\pgs\udp_server\udp.cpp(57,18): warning :    ~~~
D:\Software\Carpark_pp\Debug\pgs\udp_server\udp.cpp(57,18): warning :    len,
D:\Software\Carpark_pp\Debug\pgs\udp_server\udp.cpp(57,18): warning :    ~~~~~
D:\Software\Carpark_pp\Debug\pgs\udp_server\udp.cpp(57,18): warning :    0,
D:\Software\Carpark_pp\Debug\pgs\udp_server\udp.cpp(57,18): warning :    ~~~
D:\Software\Carpark_pp\Debug\pgs\udp_server\udp.cpp(57,18): warning :    (sockaddr *)client,
D:\Software\Carpark_pp\Debug\pgs\udp_server\udp.cpp(57,18): warning :    ~~~~~~~~~~~~~~~~~~~~
D:\Software\Carpark_pp\Debug\pgs\udp_server\udp.cpp(57,18): warning :    sizeof(sockaddr));
D:\Software\Carpark_pp\Debug\pgs\udp_server\udp.cpp(57,18): warning :    ~~~~~~~~~~~~~~~~~
D:\Software\Carpark_pp\Debug\pgs\udp_server\udp.cpp(71,73): warning : ISO C++ forbids converting a string constant to ‘char*’ [-Wwrite-strings]
D:\Software\Carpark_pp\Debug\pgs\udp_server\udp.cpp(71,73): warning :   udp_svr_socket_handle = udp_server_init("127.0.0.1", udp_server_portnum);
D:\Software\Carpark_pp\Debug\pgs\udp_server\udp.cpp(71,73): warning :                                                                          ^
D:\Software\Carpark_pp\Debug\pgs\udp_server\udp.cpp(68,7): warning : unused variable ‘status’ [-Wunused-variable]
D:\Software\Carpark_pp\Debug\pgs\udp_server\udp.cpp(68,7): warning :   bool status;
D:\Software\Carpark_pp\Debug\pgs\udp_server\udp.cpp(68,7): warning :        ^~~~~~
D:\Software\Carpark_pp\Debug\pgs\udp_server\udp.cpp(90,14): warning : conversion to ‘int’ from ‘size_t {aka long unsigned int}’ may alter its value [-Wconversion]
D:\Software\Carpark_pp\Debug\pgs\udp_server\udp.cpp(90,14): warning :   len = strlen(raw);
D:\Software\Carpark_pp\Debug\pgs\udp_server\udp.cpp(90,14): warning :         ~~~~~~^~~~~
  utils.cpp
D:\Software\Carpark_pp\Debug\pgs\udp_server\utils.cpp(297,8): warning : unused variable ‘filename’ [-Wunused-variable]
D:\Software\Carpark_pp\Debug\pgs\udp_server\utils.cpp(297,8): warning :   char  filename[300];
D:\Software\Carpark_pp\Debug\pgs\udp_server\utils.cpp(297,8): warning :         ^~~~~~~~
D:\Software\Carpark_pp\Debug\pgs\udp_server\utils.cpp(298,9): warning : unused variable ‘ptr’ [-Wunused-variable]
D:\Software\Carpark_pp\Debug\pgs\udp_server\utils.cpp(298,9): warning :   char  *ptr;
D:\Software\Carpark_pp\Debug\pgs\udp_server\utils.cpp(298,9): warning :          ^~~
D:\Software\Carpark_pp\Debug\pgs\udp_server\utils.cpp(344,20): warning : comparison between signed and unsigned integer expressions [-Wsign-compare]
D:\Software\Carpark_pp\Debug\pgs\udp_server\utils.cpp(344,20): warning :   for (int i = 0; i < key.size(); i++) {
D:\Software\Carpark_pp\Debug\pgs\udp_server\utils.cpp(344,20): warning :                   ~~^~~~~~~~~~~~
D:\Software\Carpark_pp\Debug\pgs\udp_server\utils.cpp(352,8): warning : comparison between signed and unsigned integer expressions [-Wsign-compare]
D:\Software\Carpark_pp\Debug\pgs\udp_server\utils.cpp(352,8): warning :    if(i != key.size()-1) sbJson.Append(",");
D:\Software\Carpark_pp\Debug\pgs\udp_server\utils.cpp(352,8): warning :       ~~^~~~~~~~~~~~~~~
D:\Software\Carpark_pp\Debug\pgs\udp_server\utils.cpp(433,16): warning : conversion to ‘int’ from ‘size_t {aka long unsigned int}’ may alter its value [-Wconversion]
D:\Software\Carpark_pp\Debug\pgs\udp_server\utils.cpp(433,16): warning :   int n = strlen(tmpstr);
D:\Software\Carpark_pp\Debug\pgs\udp_server\utils.cpp(433,16): warning :           ~~~~~~^~~~~~~~
D:\Software\Carpark_pp\Debug\pgs\udp_server\utils.cpp(523,28): warning : conversion to ‘int’ from ‘size_t {aka long unsigned int}’ may alter its value [-Wconversion]
D:\Software\Carpark_pp\Debug\pgs\udp_server\utils.cpp(523,28): warning :   zmq_q.udp_cmd_len = strlen(zmq_str);
D:\Software\Carpark_pp\Debug\pgs\udp_server\utils.cpp(523,28): warning :                       ~~~~~~^~~~~~~~~
  Linking objects
  udp_server.vcxproj -> D:\Software\Carpark_pp\Debug\pgs\udp_server\bin\x64\Debug\udp_server
